<?xml version="1.0" encoding="UTF-8"?>
<!-- Generated by org.testng.reporters.JUnitReportReporter -->
<testsuite hostname="nikolmarku-PC" name="testng.webdriver.framework.test.GitHubLoginTest" tests="3" failures="0" timestamp="20 Jul 2014 15:49:58 GMT" time="56.276" errors="0">
  <testcase name="should_login_with_credentials" time="10.022" classname="testng.webdriver.framework.test.GitHubLoginTest"/>
  <testcase name="should_not_login_with_wrong_credentials" time="45.782" classname="testng.webdriver.framework.test.GitHubLoginTest"/>
  <testcase name="landing_page_shown" time="0.472" classname="testng.webdriver.framework.test.GitHubLoginTest"/>
</testsuite> <!-- testng.webdriver.framework.test.GitHubLoginTest -->
