<?xml version="1.0" encoding="UTF-8"?>
<!-- Generated by org.testng.reporters.JUnitReportReporter -->
<testsuite hostname="nikolmarku-PC" name="testng.webdriver.framework.test.EfTestHelp" tests="1" failures="0" timestamp="3 Aug 2014 16:39:07 GMT" time="111.834" errors="0">
  <testcase name="open_ef_home_page" time="111.834" classname="testng.webdriver.framework.test.EfTestHelp"/>
</testsuite> <!-- testng.webdriver.framework.test.EfTestHelp -->
